# JRE version: Java(TM) SE Runtime Environment (16.0.1+9) (build 16.0.1+9-24)
# Java VM: Java HotSpot(TM) 64-Bit Server VM (16.0.1+9-24, mixed mode, sharing, tiered, compressed oops, compressed class ptrs, parallel gc, windows-amd64)
GC Precious Log:
 CPUs: 16 total, 16 available
 Memory: 32596M
 Large Page Support: Disabled
 NUMA Support: Disabled
 Compressed Oops: Enabled (32-bit)
 Alignments: Space 512K, Generation 512K, Heap 2M
 Heap Min Capacity: 100M
 Heap Initial Capacity: 100M
 Heap Max Capacity: 1G
 Pre-touch: Disabled
 Parallel Workers: 13
Heap:
 PSYoungGen      total 5632K, used 1472K [0x00000000eab00000, 0x00000000eb280000, 0x0000000100000000)
  eden space 4096K, 0% used [0x00000000eab00000,0x00000000eab00000,0x00000000eaf00000)
  from space 1536K, 95% used [0x00000000eb100000,0x00000000eb270010,0x00000000eb280000)
  to   space 1536K, 0% used [0x00000000eaf80000,0x00000000eaf80000,0x00000000eb100000)
 ParOldGen       total 97280K, used 96591K [0x00000000c0000000, 0x00000000c5f00000, 0x00000000eab00000)
  object space 97280K, 99% used [0x00000000c0000000,0x00000000c5e53e20,0x00000000c5f00000)
 Metaspace       used 66849K, committed 67776K, reserved 1114112K
  class space    used 6410K, committed 6848K, reserved 1048576K
GC Heap History (20 events):
Event: 423.710 GC heap after
{Heap after GC invocations=1951 (full 61):
 PSYoungGen      total 4096K, used 1134K [0x00000000eab00000, 0x00000000eb080000, 0x0000000100000000)
  eden space 2560K, 0% used [0x00000000eab00000,0x00000000eab00000,0x00000000ead80000)
  from space 1536K, 73% used [0x00000000ead80000,0x00000000eae9bae0,0x00000000eaf00000)
  to   space 1536K, 0% used [0x00000000eaf00000,0x00000000eaf00000,0x00000000eb080000)
 ParOldGen       total 97280K, used 90851K [0x00000000c0000000, 0x00000000c5f00000, 0x00000000eab00000)
  object space 97280K, 93% used [0x00000000c0000000,0x00000000c58b8e80,0x00000000c5f00000)
 Metaspace       used 66849K, committed 67776K, reserved 1114112K
  class space    used 6410K, committed 6848K, reserved 1048576K
}
Event: 423.711 GC heap before
{Heap before GC invocations=1952 (full 61):
 PSYoungGen      total 4096K, used 3694K [0x00000000eab00000, 0x00000000eb080000, 0x0000000100000000)
  eden space 2560K, 99% used [0x00000000eab00000,0x00000000ead7fff8,0x00000000ead80000)
  from space 1536K, 73% used [0x00000000ead80000,0x00000000eae9bae0,0x00000000eaf00000)
  to   space 1536K, 0% used [0x00000000eaf00000,0x00000000eaf00000,0x00000000eb080000)
 ParOldGen       total 97280K, used 90851K [0x00000000c0000000, 0x00000000c5f00000, 0x00000000eab00000)
  object space 97280K, 93% used [0x00000000c0000000,0x00000000c58b8e80,0x00000000c5f00000)
 Metaspace       used 66849K, committed 67776K, reserved 1114112K
  class space    used 6410K, committed 6848K, reserved 1048576K
}
Event: 423.712 GC heap after
{Heap after GC invocations=1952 (full 61):
 PSYoungGen      total 4096K, used 638K [0x00000000eab00000, 0x00000000eb000000, 0x0000000100000000)
  eden space 3072K, 0% used [0x00000000eab00000,0x00000000eab00000,0x00000000eae00000)
  from space 1024K, 62% used [0x00000000eaf00000,0x00000000eaf9f800,0x00000000eb000000)
  to   space 1024K, 0% used [0x00000000eae00000,0x00000000eae00000,0x00000000eaf00000)
 ParOldGen       total 97280K, used 91837K [0x00000000c0000000, 0x00000000c5f00000, 0x00000000eab00000)
  object space 97280K, 94% used [0x00000000c0000000,0x00000000c59af570,0x00000000c5f00000)
 Metaspace       used 66849K, committed 67776K, reserved 1114112K
  class space    used 6410K, committed 6848K, reserved 1048576K
}
Event: 423.715 GC heap before
{Heap before GC invocations=1953 (full 61):
 PSYoungGen      total 4096K, used 3710K [0x00000000eab00000, 0x00000000eb000000, 0x0000000100000000)
  eden space 3072K, 100% used [0x00000000eab00000,0x00000000eae00000,0x00000000eae00000)
  from space 1024K, 62% used [0x00000000eaf00000,0x00000000eaf9f800,0x00000000eb000000)
  to   space 1024K, 0% used [0x00000000eae00000,0x00000000eae00000,0x00000000eaf00000)
 ParOldGen       total 97280K, used 91837K [0x00000000c0000000, 0x00000000c5f00000, 0x00000000eab00000)
  object space 97280K, 94% used [0x00000000c0000000,0x00000000c59af570,0x00000000c5f00000)
 Metaspace       used 66849K, committed 67776K, reserved 1114112K
  class space    used 6410K, committed 6848K, reserved 1048576K
}
Event: 423.716 GC heap after
{Heap after GC invocations=1953 (full 61):
 PSYoungGen      total 4096K, used 750K [0x00000000eab00000, 0x00000000eb100000, 0x0000000100000000)
  eden space 3072K, 0% used [0x00000000eab00000,0x00000000eab00000,0x00000000eae00000)
  from space 1024K, 73% used [0x00000000eae00000,0x00000000eaebbad0,0x00000000eaf00000)
  to   space 1024K, 0% used [0x00000000eb000000,0x00000000eb000000,0x00000000eb100000)
 ParOldGen       total 97280K, used 91939K [0x00000000c0000000, 0x00000000c5f00000, 0x00000000eab00000)
  object space 97280K, 94% used [0x00000000c0000000,0x00000000c59c8d70,0x00000000c5f00000)
 Metaspace       used 66849K, committed 67776K, reserved 1114112K
  class space    used 6410K, committed 6848K, reserved 1048576K
}
Event: 424.225 GC heap before
{Heap before GC invocations=1954 (full 61):
 PSYoungGen      total 4096K, used 3822K [0x00000000eab00000, 0x00000000eb100000, 0x0000000100000000)
  eden space 3072K, 100% used [0x00000000eab00000,0x00000000eae00000,0x00000000eae00000)
  from space 1024K, 73% used [0x00000000eae00000,0x00000000eaebbad0,0x00000000eaf00000)
  to   space 1024K, 0% used [0x00000000eb000000,0x00000000eb000000,0x00000000eb100000)
 ParOldGen       total 97280K, used 91939K [0x00000000c0000000, 0x00000000c5f00000, 0x00000000eab00000)
  object space 97280K, 94% used [0x00000000c0000000,0x00000000c59c8d70,0x00000000c5f00000)
 Metaspace       used 66849K, committed 67776K, reserved 1114112K
  class space    used 6410K, committed 6848K, reserved 1048576K
}
Event: 424.226 GC heap after
{Heap after GC invocations=1954 (full 61):
 PSYoungGen      total 3584K, used 494K [0x00000000eab00000, 0x00000000eb080000, 0x0000000100000000)
  eden space 3072K, 0% used [0x00000000eab00000,0x00000000eab00000,0x00000000eae00000)
  from space 512K, 96% used [0x00000000eb000000,0x00000000eb07bad8,0x00000000eb080000)
  to   space 1024K, 0% used [0x00000000eae80000,0x00000000eae80000,0x00000000eaf80000)
 ParOldGen       total 97280K, used 92019K [0x00000000c0000000, 0x00000000c5f00000, 0x00000000eab00000)
  object space 97280K, 94% used [0x00000000c0000000,0x00000000c59dcd70,0x00000000c5f00000)
 Metaspace       used 66849K, committed 67776K, reserved 1114112K
  class space    used 6410K, committed 6848K, reserved 1048576K
}
Event: 424.229 GC heap before
{Heap before GC invocations=1955 (full 61):
 PSYoungGen      total 3584K, used 3566K [0x00000000eab00000, 0x00000000eb080000, 0x0000000100000000)
  eden space 3072K, 100% used [0x00000000eab00000,0x00000000eae00000,0x00000000eae00000)
  from space 512K, 96% used [0x00000000eb000000,0x00000000eb07bad8,0x00000000eb080000)
  to   space 1024K, 0% used [0x00000000eae80000,0x00000000eae80000,0x00000000eaf80000)
 ParOldGen       total 97280K, used 92019K [0x00000000c0000000, 0x00000000c5f00000, 0x00000000eab00000)
  object space 97280K, 94% used [0x00000000c0000000,0x00000000c59dcd70,0x00000000c5f00000)
 Metaspace       used 66849K, committed 67776K, reserved 1114112K
  class space    used 6410K, committed 6848K, reserved 1048576K
}
Event: 424.230 GC heap after
{Heap after GC invocations=1955 (full 61):
 PSYoungGen      total 4096K, used 1006K [0x00000000eab00000, 0x00000000eb200000, 0x0000000100000000)
  eden space 3072K, 0% used [0x00000000eab00000,0x00000000eab00000,0x00000000eae00000)
  from space 1024K, 98% used [0x00000000eae80000,0x00000000eaf7bad8,0x00000000eaf80000)
  to   space 2048K, 0% used [0x00000000eb000000,0x00000000eb000000,0x00000000eb200000)
 ParOldGen       total 97280K, used 92464K [0x00000000c0000000, 0x00000000c5f00000, 0x00000000eab00000)
  object space 97280K, 95% used [0x00000000c0000000,0x00000000c5a4c340,0x00000000c5f00000)
 Metaspace       used 66849K, committed 67776K, reserved 1114112K
  class space    used 6410K, committed 6848K, reserved 1048576K
}
Event: 424.235 GC heap before
{Heap before GC invocations=1956 (full 61):
 PSYoungGen      total 4096K, used 4078K [0x00000000eab00000, 0x00000000eb200000, 0x0000000100000000)
  eden space 3072K, 100% used [0x00000000eab00000,0x00000000eae00000,0x00000000eae00000)
  from space 1024K, 98% used [0x00000000eae80000,0x00000000eaf7bad8,0x00000000eaf80000)
  to   space 2048K, 0% used [0x00000000eb000000,0x00000000eb000000,0x00000000eb200000)
 ParOldGen       total 97280K, used 92464K [0x00000000c0000000, 0x00000000c5f00000, 0x00000000eab00000)
  object space 97280K, 95% used [0x00000000c0000000,0x00000000c5a4c340,0x00000000c5f00000)
 Metaspace       used 66849K, committed 67776K, reserved 1114112K
  class space    used 6410K, committed 6848K, reserved 1048576K
}
Event: 424.236 GC heap after
{Heap after GC invocations=1956 (full 61):
 PSYoungGen      total 4096K, used 992K [0x00000000eab00000, 0x00000000eb100000, 0x0000000100000000)
  eden space 3072K, 0% used [0x00000000eab00000,0x00000000eab00000,0x00000000eae00000)
  from space 1024K, 96% used [0x00000000eb000000,0x00000000eb0f8000,0x00000000eb100000)
  to   space 1536K, 0% used [0x00000000eae00000,0x00000000eae00000,0x00000000eaf80000)
 ParOldGen       total 97280K, used 93486K [0x00000000c0000000, 0x00000000c5f00000, 0x00000000eab00000)
  object space 97280K, 96% used [0x00000000c0000000,0x00000000c5b4b980,0x00000000c5f00000)
 Metaspace       used 66849K, committed 67776K, reserved 1114112K
  class space    used 6410K, committed 6848K, reserved 1048576K
}
Event: 424.239 GC heap before
{Heap before GC invocations=1957 (full 61):
 PSYoungGen      total 4096K, used 4063K [0x00000000eab00000, 0x00000000eb100000, 0x0000000100000000)
  eden space 3072K, 99% used [0x00000000eab00000,0x00000000eadffff8,0x00000000eae00000)
  from space 1024K, 96% used [0x00000000eb000000,0x00000000eb0f8000,0x00000000eb100000)
  to   space 1536K, 0% used [0x00000000eae00000,0x00000000eae00000,0x00000000eaf80000)
 ParOldGen       total 97280K, used 93486K [0x00000000c0000000, 0x00000000c5f00000, 0x00000000eab00000)
  object space 97280K, 96% used [0x00000000c0000000,0x00000000c5b4b980,0x00000000c5f00000)
 Metaspace       used 66849K, committed 67776K, reserved 1114112K
  class space    used 6410K, committed 6848K, reserved 1048576K
}
Event: 424.240 GC heap after
{Heap after GC invocations=1957 (full 61):
 PSYoungGen      total 4608K, used 1518K [0x00000000eab00000, 0x00000000eb400000, 0x0000000100000000)
  eden space 3072K, 0% used [0x00000000eab00000,0x00000000eab00000,0x00000000eae00000)
  from space 1536K, 98% used [0x00000000eae00000,0x00000000eaf7bae8,0x00000000eaf80000)
  to   space 2560K, 0% used [0x00000000eb180000,0x00000000eb180000,0x00000000eb400000)
 ParOldGen       total 97280K, used 94250K [0x00000000c0000000, 0x00000000c5f00000, 0x00000000eab00000)
  object space 97280K, 96% used [0x00000000c0000000,0x00000000c5c0a8e0,0x00000000c5f00000)
 Metaspace       used 66849K, committed 67776K, reserved 1114112K
  class space    used 6410K, committed 6848K, reserved 1048576K
}
Event: 424.244 GC heap before
{Heap before GC invocations=1958 (full 61):
 PSYoungGen      total 4608K, used 4590K [0x00000000eab00000, 0x00000000eb400000, 0x0000000100000000)
  eden space 3072K, 99% used [0x00000000eab00000,0x00000000eadfffe8,0x00000000eae00000)
  from space 1536K, 98% used [0x00000000eae00000,0x00000000eaf7bae8,0x00000000eaf80000)
  to   space 2560K, 0% used [0x00000000eb180000,0x00000000eb180000,0x00000000eb400000)
 ParOldGen       total 97280K, used 94250K [0x00000000c0000000, 0x00000000c5f00000, 0x00000000eab00000)
  object space 97280K, 96% used [0x00000000c0000000,0x00000000c5c0a8e0,0x00000000c5f00000)
 Metaspace       used 66849K, committed 67776K, reserved 1114112K
  class space    used 6410K, committed 6848K, reserved 1048576K
}
Event: 424.244 GC heap after
{Heap after GC invocations=1958 (full 61):
 PSYoungGen      total 5120K, used 958K [0x00000000eab00000, 0x00000000eb280000, 0x0000000100000000)
  eden space 4096K, 0% used [0x00000000eab00000,0x00000000eab00000,0x00000000eaf00000)
  from space 1024K, 93% used [0x00000000eb180000,0x00000000eb26fae8,0x00000000eb280000)
  to   space 1536K, 0% used [0x00000000eaf80000,0x00000000eaf80000,0x00000000eb100000)
 ParOldGen       total 97280K, used 95136K [0x00000000c0000000, 0x00000000c5f00000, 0x00000000eab00000)
  object space 97280K, 97% used [0x00000000c0000000,0x00000000c5ce80f0,0x00000000c5f00000)
 Metaspace       used 66849K, committed 67776K, reserved 1114112K
  class space    used 6410K, committed 6848K, reserved 1048576K
}
Event: 424.921 GC heap before
{Heap before GC invocations=1959 (full 61):
 PSYoungGen      total 5120K, used 5054K [0x00000000eab00000, 0x00000000eb280000, 0x0000000100000000)
  eden space 4096K, 100% used [0x00000000eab00000,0x00000000eaf00000,0x00000000eaf00000)
  from space 1024K, 93% used [0x00000000eb180000,0x00000000eb26fae8,0x00000000eb280000)
  to   space 1536K, 0% used [0x00000000eaf80000,0x00000000eaf80000,0x00000000eb100000)
 ParOldGen       total 97280K, used 95136K [0x00000000c0000000, 0x00000000c5f00000, 0x00000000eab00000)
  object space 97280K, 97% used [0x00000000c0000000,0x00000000c5ce80f0,0x00000000c5f00000)
 Metaspace       used 66849K, committed 67776K, reserved 1114112K
  class space    used 6410K, committed 6848K, reserved 1048576K
}
Event: 424.922 GC heap after
{Heap after GC invocations=1959 (full 61):
 PSYoungGen      total 5632K, used 1534K [0x00000000eab00000, 0x00000000eb300000, 0x0000000100000000)
  eden space 4096K, 0% used [0x00000000eab00000,0x00000000eab00000,0x00000000eaf00000)
  from space 1536K, 99% used [0x00000000eaf80000,0x00000000eb0ffae8,0x00000000eb100000)
  to   space 2048K, 0% used [0x00000000eb100000,0x00000000eb100000,0x00000000eb300000)
 ParOldGen       total 97280K, used 95136K [0x00000000c0000000, 0x00000000c5f00000, 0x00000000eab00000)
  object space 97280K, 97% used [0x00000000c0000000,0x00000000c5ce80f0,0x00000000c5f00000)
 Metaspace       used 66849K, committed 67776K, reserved 1114112K
  class space    used 6410K, committed 6848K, reserved 1048576K
}
Event: 424.929 GC heap before
{Heap before GC invocations=1960 (full 61):
 PSYoungGen      total 5632K, used 5630K [0x00000000eab00000, 0x00000000eb300000, 0x0000000100000000)
  eden space 4096K, 100% used [0x00000000eab00000,0x00000000eaf00000,0x00000000eaf00000)
  from space 1536K, 99% used [0x00000000eaf80000,0x00000000eb0ffae8,0x00000000eb100000)
  to   space 2048K, 0% used [0x00000000eb100000,0x00000000eb100000,0x00000000eb300000)
 ParOldGen       total 97280K, used 95136K [0x00000000c0000000, 0x00000000c5f00000, 0x00000000eab00000)
  object space 97280K, 97% used [0x00000000c0000000,0x00000000c5ce80f0,0x00000000c5f00000)
 Metaspace       used 66849K, committed 67776K, reserved 1114112K
  class space    used 6410K, committed 6848K, reserved 1048576K
}
Event: 424.929 GC heap after
{Heap after GC invocations=1960 (full 61):
 PSYoungGen      total 5632K, used 1472K [0x00000000eab00000, 0x00000000eb280000, 0x0000000100000000)
  eden space 4096K, 0% used [0x00000000eab00000,0x00000000eab00000,0x00000000eaf00000)
  from space 1536K, 95% used [0x00000000eb100000,0x00000000eb270010,0x00000000eb280000)
  to   space 1536K, 0% used [0x00000000eaf80000,0x00000000eaf80000,0x00000000eb100000)
 ParOldGen       total 97280K, used 96591K [0x00000000c0000000, 0x00000000c5f00000, 0x00000000eab00000)
  object space 97280K, 99% used [0x00000000c0000000,0x00000000c5e53e20,0x00000000c5f00000)
 Metaspace       used 66849K, committed 67776K, reserved 1114112K
  class space    used 6410K, committed 6848K, reserved 1048576K
}
Event: 424.929 GC heap before
{Heap before GC invocations=1961 (full 62):
 PSYoungGen      total 5632K, used 1472K [0x00000000eab00000, 0x00000000eb280000, 0x0000000100000000)
  eden space 4096K, 0% used [0x00000000eab00000,0x00000000eab00000,0x00000000eaf00000)
  from space 1536K, 95% used [0x00000000eb100000,0x00000000eb270010,0x00000000eb280000)
  to   space 1536K, 0% used [0x00000000eaf80000,0x00000000eaf80000,0x00000000eb100000)
 ParOldGen       total 97280K, used 96591K [0x00000000c0000000, 0x00000000c5f00000, 0x00000000eab00000)
  object space 97280K, 99% used [0x00000000c0000000,0x00000000c5e53e20,0x00000000c5f00000)
 Metaspace       used 66849K, committed 67776K, reserved 1114112K
  class space    used 6410K, committed 6848K, reserved 1048576K
}

