# JRE version: Java(TM) SE Runtime Environment (16.0.1+9) (build 16.0.1+9-24)
# Java VM: Java HotSpot(TM) 64-Bit Server VM (16.0.1+9-24, mixed mode, sharing, tiered, compressed oops, compressed class ptrs, parallel gc, windows-amd64)
GC Precious Log:
 CPUs: 16 total, 16 available
 Memory: 32596M
 Large Page Support: Disabled
 NUMA Support: Disabled
 Compressed Oops: Enabled (32-bit)
 Alignments: Space 512K, Generation 512K, Heap 2M
 Heap Min Capacity: 100M
 Heap Initial Capacity: 100M
 Heap Max Capacity: 1G
 Pre-touch: Disabled
 Parallel Workers: 13
Heap:
 PSYoungGen      total 3584K, used 791K [0x00000000eab00000, 0x00000000eaf80000, 0x0000000100000000)
  eden space 2560K, 0% used [0x00000000eab00000,0x00000000eab00000,0x00000000ead80000)
  from space 1024K, 77% used [0x00000000eae80000,0x00000000eaf45dd0,0x00000000eaf80000)
  to   space 1024K, 0% used [0x00000000ead80000,0x00000000ead80000,0x00000000eae80000)
 ParOldGen       total 114688K, used 114146K [0x00000000c0000000, 0x00000000c7000000, 0x00000000eab00000)
  object space 114688K, 99% used [0x00000000c0000000,0x00000000c6f788d0,0x00000000c7000000)
 Metaspace       used 73687K, committed 74560K, reserved 1122304K
  class space    used 6823K, committed 7232K, reserved 1048576K
GC Heap History (20 events):
Event: 16783.598 GC heap after
{Heap after GC invocations=18361 (full 679):
 PSYoungGen      total 4096K, used 1024K [0x00000000eab00000, 0x00000000eb100000, 0x0000000100000000)
  eden space 3072K, 0% used [0x00000000eab00000,0x00000000eab00000,0x00000000eae00000)
  from space 1024K, 100% used [0x00000000eae00000,0x00000000eaf00000,0x00000000eaf00000)
  to   space 1536K, 0% used [0x00000000eaf80000,0x00000000eaf80000,0x00000000eb100000)
 ParOldGen       total 114688K, used 107230K [0x00000000c0000000, 0x00000000c7000000, 0x00000000eab00000)
  object space 114688K, 93% used [0x00000000c0000000,0x00000000c68b7b50,0x00000000c7000000)
 Metaspace       used 73687K, committed 74560K, reserved 1122304K
  class space    used 6823K, committed 7232K, reserved 1048576K
}
Event: 16783.602 GC heap before
{Heap before GC invocations=18362 (full 679):
 PSYoungGen      total 4096K, used 4096K [0x00000000eab00000, 0x00000000eb100000, 0x0000000100000000)
  eden space 3072K, 100% used [0x00000000eab00000,0x00000000eae00000,0x00000000eae00000)
  from space 1024K, 100% used [0x00000000eae00000,0x00000000eaf00000,0x00000000eaf00000)
  to   space 1536K, 0% used [0x00000000eaf80000,0x00000000eaf80000,0x00000000eb100000)
 ParOldGen       total 114688K, used 107230K [0x00000000c0000000, 0x00000000c7000000, 0x00000000eab00000)
  object space 114688K, 93% used [0x00000000c0000000,0x00000000c68b7b50,0x00000000c7000000)
 Metaspace       used 73687K, committed 74560K, reserved 1122304K
  class space    used 6823K, committed 7232K, reserved 1048576K
}
Event: 16783.603 GC heap after
{Heap after GC invocations=18362 (full 679):
 PSYoungGen      total 3072K, used 1534K [0x00000000eab00000, 0x00000000eb400000, 0x0000000100000000)
  eden space 1536K, 0% used [0x00000000eab00000,0x00000000eab00000,0x00000000eac80000)
  from space 1536K, 99% used [0x00000000eaf80000,0x00000000eb0ffb28,0x00000000eb100000)
  to   space 3072K, 0% used [0x00000000eac80000,0x00000000eac80000,0x00000000eaf80000)
 ParOldGen       total 114688K, used 108070K [0x00000000c0000000, 0x00000000c7000000, 0x00000000eab00000)
  object space 114688K, 94% used [0x00000000c0000000,0x00000000c6989b10,0x00000000c7000000)
 Metaspace       used 73687K, committed 74560K, reserved 1122304K
  class space    used 6823K, committed 7232K, reserved 1048576K
}
Event: 16783.605 GC heap before
{Heap before GC invocations=18363 (full 679):
 PSYoungGen      total 3072K, used 3070K [0x00000000eab00000, 0x00000000eb400000, 0x0000000100000000)
  eden space 1536K, 100% used [0x00000000eab00000,0x00000000eac80000,0x00000000eac80000)
  from space 1536K, 99% used [0x00000000eaf80000,0x00000000eb0ffb28,0x00000000eb100000)
  to   space 3072K, 0% used [0x00000000eac80000,0x00000000eac80000,0x00000000eaf80000)
 ParOldGen       total 114688K, used 108070K [0x00000000c0000000, 0x00000000c7000000, 0x00000000eab00000)
  object space 114688K, 94% used [0x00000000c0000000,0x00000000c6989b10,0x00000000c7000000)
 Metaspace       used 73687K, committed 74560K, reserved 1122304K
  class space    used 6823K, committed 7232K, reserved 1048576K
}
Event: 16783.606 GC heap after
{Heap after GC invocations=18363 (full 679):
 PSYoungGen      total 2560K, used 704K [0x00000000eab00000, 0x00000000eb000000, 0x0000000100000000)
  eden space 1536K, 0% used [0x00000000eab00000,0x00000000eab00000,0x00000000eac80000)
  from space 1024K, 68% used [0x00000000eac80000,0x00000000ead30000,0x00000000ead80000)
  to   space 1536K, 0% used [0x00000000eae80000,0x00000000eae80000,0x00000000eb000000)
 ParOldGen       total 114688K, used 109566K [0x00000000c0000000, 0x00000000c7000000, 0x00000000eab00000)
  object space 114688K, 95% used [0x00000000c0000000,0x00000000c6aff880,0x00000000c7000000)
 Metaspace       used 73687K, committed 74560K, reserved 1122304K
  class space    used 6823K, committed 7232K, reserved 1048576K
}
Event: 16783.608 GC heap before
{Heap before GC invocations=18364 (full 679):
 PSYoungGen      total 2560K, used 2240K [0x00000000eab00000, 0x00000000eb000000, 0x0000000100000000)
  eden space 1536K, 100% used [0x00000000eab00000,0x00000000eac80000,0x00000000eac80000)
  from space 1024K, 68% used [0x00000000eac80000,0x00000000ead30000,0x00000000ead80000)
  to   space 1536K, 0% used [0x00000000eae80000,0x00000000eae80000,0x00000000eb000000)
 ParOldGen       total 114688K, used 109566K [0x00000000c0000000, 0x00000000c7000000, 0x00000000eab00000)
  object space 114688K, 95% used [0x00000000c0000000,0x00000000c6aff880,0x00000000c7000000)
 Metaspace       used 73687K, committed 74560K, reserved 1122304K
  class space    used 6823K, committed 7232K, reserved 1048576K
}
Event: 16783.608 GC heap after
{Heap after GC invocations=18364 (full 679):
 PSYoungGen      total 2560K, used 503K [0x00000000eab00000, 0x00000000eaf00000, 0x0000000100000000)
  eden space 2048K, 0% used [0x00000000eab00000,0x00000000eab00000,0x00000000ead00000)
  from space 512K, 98% used [0x00000000eae80000,0x00000000eaefddd0,0x00000000eaf00000)
  to   space 1024K, 0% used [0x00000000ead00000,0x00000000ead00000,0x00000000eae00000)
 ParOldGen       total 114688K, used 110042K [0x00000000c0000000, 0x00000000c7000000, 0x00000000eab00000)
  object space 114688K, 95% used [0x00000000c0000000,0x00000000c6b76890,0x00000000c7000000)
 Metaspace       used 73687K, committed 74560K, reserved 1122304K
  class space    used 6823K, committed 7232K, reserved 1048576K
}
Event: 16783.610 GC heap before
{Heap before GC invocations=18365 (full 679):
 PSYoungGen      total 2560K, used 2551K [0x00000000eab00000, 0x00000000eaf00000, 0x0000000100000000)
  eden space 2048K, 100% used [0x00000000eab00000,0x00000000ead00000,0x00000000ead00000)
  from space 512K, 98% used [0x00000000eae80000,0x00000000eaefddd0,0x00000000eaf00000)
  to   space 1024K, 0% used [0x00000000ead00000,0x00000000ead00000,0x00000000eae00000)
 ParOldGen       total 114688K, used 110042K [0x00000000c0000000, 0x00000000c7000000, 0x00000000eab00000)
  object space 114688K, 95% used [0x00000000c0000000,0x00000000c6b76890,0x00000000c7000000)
 Metaspace       used 73687K, committed 74560K, reserved 1122304K
  class space    used 6823K, committed 7232K, reserved 1048576K
}
Event: 16783.611 GC heap after
{Heap after GC invocations=18365 (full 679):
 PSYoungGen      total 3072K, used 1022K [0x00000000eab00000, 0x00000000eb080000, 0x0000000100000000)
  eden space 2048K, 0% used [0x00000000eab00000,0x00000000eab00000,0x00000000ead00000)
  from space 1024K, 99% used [0x00000000ead00000,0x00000000eadffb18,0x00000000eae00000)
  to   space 1536K, 0% used [0x00000000eaf00000,0x00000000eaf00000,0x00000000eb080000)
 ParOldGen       total 114688K, used 110267K [0x00000000c0000000, 0x00000000c7000000, 0x00000000eab00000)
  object space 114688K, 96% used [0x00000000c0000000,0x00000000c6baecc0,0x00000000c7000000)
 Metaspace       used 73687K, committed 74560K, reserved 1122304K
  class space    used 6823K, committed 7232K, reserved 1048576K
}
Event: 16783.614 GC heap before
{Heap before GC invocations=18366 (full 679):
 PSYoungGen      total 3072K, used 3070K [0x00000000eab00000, 0x00000000eb080000, 0x0000000100000000)
  eden space 2048K, 100% used [0x00000000eab00000,0x00000000ead00000,0x00000000ead00000)
  from space 1024K, 99% used [0x00000000ead00000,0x00000000eadffb18,0x00000000eae00000)
  to   space 1536K, 0% used [0x00000000eaf00000,0x00000000eaf00000,0x00000000eb080000)
 ParOldGen       total 114688K, used 110267K [0x00000000c0000000, 0x00000000c7000000, 0x00000000eab00000)
  object space 114688K, 96% used [0x00000000c0000000,0x00000000c6baecc0,0x00000000c7000000)
 Metaspace       used 73687K, committed 74560K, reserved 1122304K
  class space    used 6823K, committed 7232K, reserved 1048576K
}
Event: 16783.614 GC heap after
{Heap after GC invocations=18366 (full 679):
 PSYoungGen      total 3584K, used 832K [0x00000000eab00000, 0x00000000eb000000, 0x0000000100000000)
  eden space 2560K, 0% used [0x00000000eab00000,0x00000000eab00000,0x00000000ead80000)
  from space 1024K, 81% used [0x00000000eaf00000,0x00000000eafd0000,0x00000000eb000000)
  to   space 1024K, 0% used [0x00000000eae00000,0x00000000eae00000,0x00000000eaf00000)
 ParOldGen       total 114688K, used 111277K [0x00000000c0000000, 0x00000000c7000000, 0x00000000eab00000)
  object space 114688K, 97% used [0x00000000c0000000,0x00000000c6cab5a0,0x00000000c7000000)
 Metaspace       used 73687K, committed 74560K, reserved 1122304K
  class space    used 6823K, committed 7232K, reserved 1048576K
}
Event: 16783.875 GC heap before
{Heap before GC invocations=18367 (full 679):
 PSYoungGen      total 3584K, used 3392K [0x00000000eab00000, 0x00000000eb000000, 0x0000000100000000)
  eden space 2560K, 100% used [0x00000000eab00000,0x00000000ead80000,0x00000000ead80000)
  from space 1024K, 81% used [0x00000000eaf00000,0x00000000eafd0000,0x00000000eb000000)
  to   space 1024K, 0% used [0x00000000eae00000,0x00000000eae00000,0x00000000eaf00000)
 ParOldGen       total 114688K, used 111277K [0x00000000c0000000, 0x00000000c7000000, 0x00000000eab00000)
  object space 114688K, 97% used [0x00000000c0000000,0x00000000c6cab5a0,0x00000000c7000000)
 Metaspace       used 73687K, committed 74560K, reserved 1122304K
  class space    used 6823K, committed 7232K, reserved 1048576K
}
Event: 16783.875 GC heap after
{Heap after GC invocations=18367 (full 679):
 PSYoungGen      total 3584K, used 654K [0x00000000eab00000, 0x00000000eaf80000, 0x0000000100000000)
  eden space 2560K, 0% used [0x00000000eab00000,0x00000000eab00000,0x00000000ead80000)
  from space 1024K, 63% used [0x00000000eae00000,0x00000000eaea3b08,0x00000000eaf00000)
  to   space 512K, 0% used [0x00000000eaf00000,0x00000000eaf00000,0x00000000eaf80000)
 ParOldGen       total 114688K, used 111933K [0x00000000c0000000, 0x00000000c7000000, 0x00000000eab00000)
  object space 114688K, 97% used [0x00000000c0000000,0x00000000c6d4f5a0,0x00000000c7000000)
 Metaspace       used 73687K, committed 74560K, reserved 1122304K
  class space    used 6823K, committed 7232K, reserved 1048576K
}
Event: 16783.878 GC heap before
{Heap before GC invocations=18368 (full 679):
 PSYoungGen      total 3584K, used 3214K [0x00000000eab00000, 0x00000000eaf80000, 0x0000000100000000)
  eden space 2560K, 100% used [0x00000000eab00000,0x00000000ead80000,0x00000000ead80000)
  from space 1024K, 63% used [0x00000000eae00000,0x00000000eaea3b08,0x00000000eaf00000)
  to   space 512K, 0% used [0x00000000eaf00000,0x00000000eaf00000,0x00000000eaf80000)
 ParOldGen       total 114688K, used 111933K [0x00000000c0000000, 0x00000000c7000000, 0x00000000eab00000)
  object space 114688K, 97% used [0x00000000c0000000,0x00000000c6d4f5a0,0x00000000c7000000)
 Metaspace       used 73687K, committed 74560K, reserved 1122304K
  class space    used 6823K, committed 7232K, reserved 1048576K
}
Event: 16783.879 GC heap after
{Heap after GC invocations=18368 (full 679):
 PSYoungGen      total 2560K, used 496K [0x00000000eab00000, 0x00000000eb180000, 0x0000000100000000)
  eden space 2048K, 0% used [0x00000000eab00000,0x00000000eab00000,0x00000000ead00000)
  from space 512K, 96% used [0x00000000eaf00000,0x00000000eaf7c010,0x00000000eaf80000)
  to   space 2048K, 0% used [0x00000000ead00000,0x00000000ead00000,0x00000000eaf00000)
 ParOldGen       total 114688K, used 112984K [0x00000000c0000000, 0x00000000c7000000, 0x00000000eab00000)
  object space 114688K, 98% used [0x00000000c0000000,0x00000000c6e56058,0x00000000c7000000)
 Metaspace       used 73687K, committed 74560K, reserved 1122304K
  class space    used 6823K, committed 7232K, reserved 1048576K
}
Event: 16783.882 GC heap before
{Heap before GC invocations=18369 (full 679):
 PSYoungGen      total 2560K, used 2544K [0x00000000eab00000, 0x00000000eb180000, 0x0000000100000000)
  eden space 2048K, 100% used [0x00000000eab00000,0x00000000ead00000,0x00000000ead00000)
  from space 512K, 96% used [0x00000000eaf00000,0x00000000eaf7c010,0x00000000eaf80000)
  to   space 2048K, 0% used [0x00000000ead00000,0x00000000ead00000,0x00000000eaf00000)
 ParOldGen       total 114688K, used 112984K [0x00000000c0000000, 0x00000000c7000000, 0x00000000eab00000)
  object space 114688K, 98% used [0x00000000c0000000,0x00000000c6e56058,0x00000000c7000000)
 Metaspace       used 73687K, committed 74560K, reserved 1122304K
  class space    used 6823K, committed 7232K, reserved 1048576K
}
Event: 16783.883 GC heap after
{Heap after GC invocations=18369 (full 679):
 PSYoungGen      total 3072K, used 832K [0x00000000eab00000, 0x00000000eb000000, 0x0000000100000000)
  eden space 2048K, 0% used [0x00000000eab00000,0x00000000eab00000,0x00000000ead00000)
  from space 1024K, 81% used [0x00000000ead00000,0x00000000eadd0000,0x00000000eae00000)
  to   space 1536K, 0% used [0x00000000eae80000,0x00000000eae80000,0x00000000eb000000)
 ParOldGen       total 114688K, used 113541K [0x00000000c0000000, 0x00000000c7000000, 0x00000000eab00000)
  object space 114688K, 99% used [0x00000000c0000000,0x00000000c6ee1620,0x00000000c7000000)
 Metaspace       used 73687K, committed 74560K, reserved 1122304K
  class space    used 6823K, committed 7232K, reserved 1048576K
}
Event: 16783.885 GC heap before
{Heap before GC invocations=18370 (full 679):
 PSYoungGen      total 3072K, used 2880K [0x00000000eab00000, 0x00000000eb000000, 0x0000000100000000)
  eden space 2048K, 100% used [0x00000000eab00000,0x00000000ead00000,0x00000000ead00000)
  from space 1024K, 81% used [0x00000000ead00000,0x00000000eadd0000,0x00000000eae00000)
  to   space 1536K, 0% used [0x00000000eae80000,0x00000000eae80000,0x00000000eb000000)
 ParOldGen       total 114688K, used 113541K [0x00000000c0000000, 0x00000000c7000000, 0x00000000eab00000)
  object space 114688K, 99% used [0x00000000c0000000,0x00000000c6ee1620,0x00000000c7000000)
 Metaspace       used 73687K, committed 74560K, reserved 1122304K
  class space    used 6823K, committed 7232K, reserved 1048576K
}
Event: 16783.886 GC heap after
{Heap after GC invocations=18370 (full 679):
 PSYoungGen      total 3584K, used 791K [0x00000000eab00000, 0x00000000eaf80000, 0x0000000100000000)
  eden space 2560K, 0% used [0x00000000eab00000,0x00000000eab00000,0x00000000ead80000)
  from space 1024K, 77% used [0x00000000eae80000,0x00000000eaf45dd0,0x00000000eaf80000)
  to   space 1024K, 0% used [0x00000000ead80000,0x00000000ead80000,0x00000000eae80000)
 ParOldGen       total 114688K, used 114146K [0x00000000c0000000, 0x00000000c7000000, 0x00000000eab00000)
  object space 114688K, 99% used [0x00000000c0000000,0x00000000c6f788d0,0x00000000c7000000)
 Metaspace       used 73687K, committed 74560K, reserved 1122304K
  class space    used 6823K, committed 7232K, reserved 1048576K
}
Event: 16783.886 GC heap before
{Heap before GC invocations=18371 (full 680):
 PSYoungGen      total 3584K, used 791K [0x00000000eab00000, 0x00000000eaf80000, 0x0000000100000000)
  eden space 2560K, 0% used [0x00000000eab00000,0x00000000eab00000,0x00000000ead80000)
  from space 1024K, 77% used [0x00000000eae80000,0x00000000eaf45dd0,0x00000000eaf80000)
  to   space 1024K, 0% used [0x00000000ead80000,0x00000000ead80000,0x00000000eae80000)
 ParOldGen       total 114688K, used 114146K [0x00000000c0000000, 0x00000000c7000000, 0x00000000eab00000)
  object space 114688K, 99% used [0x00000000c0000000,0x00000000c6f788d0,0x00000000c7000000)
 Metaspace       used 73687K, committed 74560K, reserved 1122304K
  class space    used 6823K, committed 7232K, reserved 1048576K
}

