# JRE version: Java(TM) SE Runtime Environment (16.0.1+9) (build 16.0.1+9-24)
# Java VM: Java HotSpot(TM) 64-Bit Server VM (16.0.1+9-24, mixed mode, sharing, tiered, compressed oops, compressed class ptrs, parallel gc, windows-amd64)
GC Precious Log:
 CPUs: 16 total, 16 available
 Memory: 32596M
 Large Page Support: Disabled
 NUMA Support: Disabled
 Compressed Oops: Enabled (32-bit)
 Alignments: Space 512K, Generation 512K, Heap 2M
 Heap Min Capacity: 100M
 Heap Initial Capacity: 100M
 Heap Max Capacity: 1G
 Pre-touch: Disabled
 Parallel Workers: 13
Heap:
 PSYoungGen      total 6656K, used 6324K [0x00000000eab00000, 0x00000000eb380000, 0x0000000100000000)
  eden space 4608K, 100% used [0x00000000eab00000,0x00000000eaf80000,0x00000000eaf80000)
  from space 2048K, 83% used [0x00000000eb180000,0x00000000eb32d140,0x00000000eb380000)
  to   space 2048K, 78% used [0x00000000eaf80000,0x00000000eb110000,0x00000000eb180000)
 ParOldGen       total 181760K, used 178522K [0x00000000c0000000, 0x00000000cb180000, 0x00000000eab00000)
  object space 181760K, 98% used [0x00000000c0000000,0x00000000cae56b48,0x00000000cb180000)
 Metaspace       used 80387K, committed 81280K, reserved 1130496K
  class space    used 7471K, committed 7872K, reserved 1048576K
GC Heap History (20 events):
Event: 12063.933 GC heap after
{Heap after GC invocations=41181 (full 1655):
 PSYoungGen      total 4608K, used 1470K [0x00000000eab00000, 0x00000000eb300000, 0x0000000100000000)
  eden space 3072K, 0% used [0x00000000eab00000,0x00000000eab00000,0x00000000eae00000)
  from space 1536K, 95% used [0x00000000eae00000,0x00000000eaf6fb70,0x00000000eaf80000)
  to   space 2048K, 0% used [0x00000000eb100000,0x00000000eb100000,0x00000000eb300000)
 ParOldGen       total 148992K, used 136109K [0x00000000c0000000, 0x00000000c9180000, 0x00000000eab00000)
  object space 148992K, 91% used [0x00000000c0000000,0x00000000c84eb5a0,0x00000000c9180000)
 Metaspace       used 80387K, committed 81280K, reserved 1130496K
  class space    used 7471K, committed 7872K, reserved 1048576K
}
Event: 12063.935 GC heap before
{Heap before GC invocations=41182 (full 1655):
 PSYoungGen      total 4608K, used 4542K [0x00000000eab00000, 0x00000000eb300000, 0x0000000100000000)
  eden space 3072K, 100% used [0x00000000eab00000,0x00000000eae00000,0x00000000eae00000)
  from space 1536K, 95% used [0x00000000eae00000,0x00000000eaf6fb70,0x00000000eaf80000)
  to   space 2048K, 0% used [0x00000000eb100000,0x00000000eb100000,0x00000000eb300000)
 ParOldGen       total 148992K, used 136109K [0x00000000c0000000, 0x00000000c9180000, 0x00000000eab00000)
  object space 148992K, 91% used [0x00000000c0000000,0x00000000c84eb5a0,0x00000000c9180000)
 Metaspace       used 80387K, committed 81280K, reserved 1130496K
  class space    used 7471K, committed 7872K, reserved 1048576K
}
Event: 12063.936 GC heap after
{Heap after GC invocations=41182 (full 1655):
 PSYoungGen      total 5120K, used 876K [0x00000000eab00000, 0x00000000eb200000, 0x0000000100000000)
  eden space 4096K, 0% used [0x00000000eab00000,0x00000000eab00000,0x00000000eaf00000)
  from space 1024K, 85% used [0x00000000eb100000,0x00000000eb1db350,0x00000000eb200000)
  to   space 1536K, 0% used [0x00000000eaf00000,0x00000000eaf00000,0x00000000eb080000)
 ParOldGen       total 148992K, used 136858K [0x00000000c0000000, 0x00000000c9180000, 0x00000000eab00000)
  object space 148992K, 91% used [0x00000000c0000000,0x00000000c85a69f0,0x00000000c9180000)
 Metaspace       used 80387K, committed 81280K, reserved 1130496K
  class space    used 7471K, committed 7872K, reserved 1048576K
}
Event: 12063.939 GC heap before
{Heap before GC invocations=41183 (full 1655):
 PSYoungGen      total 5120K, used 4972K [0x00000000eab00000, 0x00000000eb200000, 0x0000000100000000)
  eden space 4096K, 100% used [0x00000000eab00000,0x00000000eaf00000,0x00000000eaf00000)
  from space 1024K, 85% used [0x00000000eb100000,0x00000000eb1db350,0x00000000eb200000)
  to   space 1536K, 0% used [0x00000000eaf00000,0x00000000eaf00000,0x00000000eb080000)
 ParOldGen       total 148992K, used 136858K [0x00000000c0000000, 0x00000000c9180000, 0x00000000eab00000)
  object space 148992K, 91% used [0x00000000c0000000,0x00000000c85a69f0,0x00000000c9180000)
 Metaspace       used 80387K, committed 81280K, reserved 1130496K
  class space    used 7471K, committed 7872K, reserved 1048576K
}
Event: 12063.940 GC heap after
{Heap after GC invocations=41183 (full 1655):
 PSYoungGen      total 5632K, used 1388K [0x00000000eab00000, 0x00000000eb300000, 0x0000000100000000)
  eden space 4096K, 0% used [0x00000000eab00000,0x00000000eab00000,0x00000000eaf00000)
  from space 1536K, 90% used [0x00000000eaf00000,0x00000000eb05b350,0x00000000eb080000)
  to   space 1536K, 0% used [0x00000000eb180000,0x00000000eb180000,0x00000000eb300000)
 ParOldGen       total 148992K, used 137178K [0x00000000c0000000, 0x00000000c9180000, 0x00000000eab00000)
  object space 148992K, 92% used [0x00000000c0000000,0x00000000c85f69f0,0x00000000c9180000)
 Metaspace       used 80387K, committed 81280K, reserved 1130496K
  class space    used 7471K, committed 7872K, reserved 1048576K
}
Event: 12063.945 GC heap before
{Heap before GC invocations=41184 (full 1655):
 PSYoungGen      total 5632K, used 5484K [0x00000000eab00000, 0x00000000eb300000, 0x0000000100000000)
  eden space 4096K, 100% used [0x00000000eab00000,0x00000000eaf00000,0x00000000eaf00000)
  from space 1536K, 90% used [0x00000000eaf00000,0x00000000eb05b350,0x00000000eb080000)
  to   space 1536K, 0% used [0x00000000eb180000,0x00000000eb180000,0x00000000eb300000)
 ParOldGen       total 148992K, used 137178K [0x00000000c0000000, 0x00000000c9180000, 0x00000000eab00000)
  object space 148992K, 92% used [0x00000000c0000000,0x00000000c85f69f0,0x00000000c9180000)
 Metaspace       used 80387K, committed 81280K, reserved 1130496K
  class space    used 7471K, committed 7872K, reserved 1048576K
}
Event: 12063.946 GC heap after
{Heap after GC invocations=41184 (full 1655):
 PSYoungGen      total 6656K, used 1440K [0x00000000eab00000, 0x00000000eb300000, 0x0000000100000000)
  eden space 5120K, 0% used [0x00000000eab00000,0x00000000eab00000,0x00000000eb000000)
  from space 1536K, 93% used [0x00000000eb180000,0x00000000eb2e8000,0x00000000eb300000)
  to   space 1536K, 0% used [0x00000000eb000000,0x00000000eb000000,0x00000000eb180000)
 ParOldGen       total 148992K, used 138380K [0x00000000c0000000, 0x00000000c9180000, 0x00000000eab00000)
  object space 148992K, 92% used [0x00000000c0000000,0x00000000c8723308,0x00000000c9180000)
 Metaspace       used 80387K, committed 81280K, reserved 1130496K
  class space    used 7471K, committed 7872K, reserved 1048576K
}
Event: 12064.556 GC heap before
{Heap before GC invocations=41185 (full 1655):
 PSYoungGen      total 6656K, used 6560K [0x00000000eab00000, 0x00000000eb300000, 0x0000000100000000)
  eden space 5120K, 100% used [0x00000000eab00000,0x00000000eb000000,0x00000000eb000000)
  from space 1536K, 93% used [0x00000000eb180000,0x00000000eb2e8000,0x00000000eb300000)
  to   space 1536K, 0% used [0x00000000eb000000,0x00000000eb000000,0x00000000eb180000)
 ParOldGen       total 148992K, used 138380K [0x00000000c0000000, 0x00000000c9180000, 0x00000000eab00000)
  object space 148992K, 92% used [0x00000000c0000000,0x00000000c8723308,0x00000000c9180000)
 Metaspace       used 80387K, committed 81280K, reserved 1130496K
  class space    used 7471K, committed 7872K, reserved 1048576K
}
Event: 12064.557 GC heap after
{Heap after GC invocations=41185 (full 1655):
 PSYoungGen      total 6656K, used 953K [0x00000000eab00000, 0x00000000eb300000, 0x0000000100000000)
  eden space 5120K, 0% used [0x00000000eab00000,0x00000000eab00000,0x00000000eb000000)
  from space 1536K, 62% used [0x00000000eb000000,0x00000000eb0ee6b0,0x00000000eb180000)
  to   space 1536K, 0% used [0x00000000eb180000,0x00000000eb180000,0x00000000eb300000)
 ParOldGen       total 148992K, used 139649K [0x00000000c0000000, 0x00000000c9180000, 0x00000000eab00000)
  object space 148992K, 93% used [0x00000000c0000000,0x00000000c88605f0,0x00000000c9180000)
 Metaspace       used 80387K, committed 81280K, reserved 1130496K
  class space    used 7471K, committed 7872K, reserved 1048576K
}
Event: 12064.564 GC heap before
{Heap before GC invocations=41186 (full 1655):
 PSYoungGen      total 6656K, used 6073K [0x00000000eab00000, 0x00000000eb300000, 0x0000000100000000)
  eden space 5120K, 100% used [0x00000000eab00000,0x00000000eb000000,0x00000000eb000000)
  from space 1536K, 62% used [0x00000000eb000000,0x00000000eb0ee6b0,0x00000000eb180000)
  to   space 1536K, 0% used [0x00000000eb180000,0x00000000eb180000,0x00000000eb300000)
 ParOldGen       total 148992K, used 139649K [0x00000000c0000000, 0x00000000c9180000, 0x00000000eab00000)
  object space 148992K, 93% used [0x00000000c0000000,0x00000000c88605f0,0x00000000c9180000)
 Metaspace       used 80387K, committed 81280K, reserved 1130496K
  class space    used 7471K, committed 7872K, reserved 1048576K
}
Event: 12064.565 GC heap after
{Heap after GC invocations=41186 (full 1655):
 PSYoungGen      total 5120K, used 1536K [0x00000000eab00000, 0x00000000eb600000, 0x0000000100000000)
  eden space 3584K, 0% used [0x00000000eab00000,0x00000000eab00000,0x00000000eae80000)
  from space 1536K, 100% used [0x00000000eb180000,0x00000000eb300000,0x00000000eb300000)
  to   space 3072K, 0% used [0x00000000eae80000,0x00000000eae80000,0x00000000eb180000)
 ParOldGen       total 148992K, used 140550K [0x00000000c0000000, 0x00000000c9180000, 0x00000000eab00000)
  object space 148992K, 94% used [0x00000000c0000000,0x00000000c89418d0,0x00000000c9180000)
 Metaspace       used 80387K, committed 81280K, reserved 1130496K
  class space    used 7471K, committed 7872K, reserved 1048576K
}
Event: 12064.568 GC heap before
{Heap before GC invocations=41187 (full 1655):
 PSYoungGen      total 5120K, used 5120K [0x00000000eab00000, 0x00000000eb600000, 0x0000000100000000)
  eden space 3584K, 100% used [0x00000000eab00000,0x00000000eae80000,0x00000000eae80000)
  from space 1536K, 100% used [0x00000000eb180000,0x00000000eb300000,0x00000000eb300000)
  to   space 3072K, 0% used [0x00000000eae80000,0x00000000eae80000,0x00000000eb180000)
 ParOldGen       total 148992K, used 140550K [0x00000000c0000000, 0x00000000c9180000, 0x00000000eab00000)
  object space 148992K, 94% used [0x00000000c0000000,0x00000000c89418d0,0x00000000c9180000)
 Metaspace       used 80387K, committed 81280K, reserved 1130496K
  class space    used 7471K, committed 7872K, reserved 1048576K
}
Event: 12064.569 GC heap after
{Heap after GC invocations=41187 (full 1655):
 PSYoungGen      total 5120K, used 1332K [0x00000000eab00000, 0x00000000eb280000, 0x0000000100000000)
  eden space 3584K, 0% used [0x00000000eab00000,0x00000000eab00000,0x00000000eae80000)
  from space 1536K, 86% used [0x00000000eae80000,0x00000000eafcd140,0x00000000eb000000)
  to   space 2048K, 0% used [0x00000000eb080000,0x00000000eb080000,0x00000000eb280000)
 ParOldGen       total 148992K, used 142105K [0x00000000c0000000, 0x00000000c9180000, 0x00000000eab00000)
  object space 148992K, 95% used [0x00000000c0000000,0x00000000c8ac6580,0x00000000c9180000)
 Metaspace       used 80387K, committed 81280K, reserved 1130496K
  class space    used 7471K, committed 7872K, reserved 1048576K
}
Event: 12064.572 GC heap before
{Heap before GC invocations=41188 (full 1655):
 PSYoungGen      total 5120K, used 4916K [0x00000000eab00000, 0x00000000eb280000, 0x0000000100000000)
  eden space 3584K, 100% used [0x00000000eab00000,0x00000000eae80000,0x00000000eae80000)
  from space 1536K, 86% used [0x00000000eae80000,0x00000000eafcd140,0x00000000eb000000)
  to   space 2048K, 0% used [0x00000000eb080000,0x00000000eb080000,0x00000000eb280000)
 ParOldGen       total 148992K, used 142105K [0x00000000c0000000, 0x00000000c9180000, 0x00000000eab00000)
  object space 148992K, 95% used [0x00000000c0000000,0x00000000c8ac6580,0x00000000c9180000)
 Metaspace       used 80387K, committed 81280K, reserved 1130496K
  class space    used 7471K, committed 7872K, reserved 1048576K
}
Event: 12064.573 GC heap after
{Heap after GC invocations=41188 (full 1655):
 PSYoungGen      total 5632K, used 684K [0x00000000eab00000, 0x00000000eb180000, 0x0000000100000000)
  eden space 4608K, 0% used [0x00000000eab00000,0x00000000eab00000,0x00000000eaf80000)
  from space 1024K, 66% used [0x00000000eb080000,0x00000000eb12b350,0x00000000eb180000)
  to   space 1024K, 0% used [0x00000000eaf80000,0x00000000eaf80000,0x00000000eb080000)
 ParOldGen       total 148992K, used 143009K [0x00000000c0000000, 0x00000000c9180000, 0x00000000eab00000)
  object space 148992K, 95% used [0x00000000c0000000,0x00000000c8ba8660,0x00000000c9180000)
 Metaspace       used 80387K, committed 81280K, reserved 1130496K
  class space    used 7471K, committed 7872K, reserved 1048576K
}
Event: 12065.025 GC heap before
{Heap before GC invocations=41189 (full 1655):
 PSYoungGen      total 5632K, used 5292K [0x00000000eab00000, 0x00000000eb180000, 0x0000000100000000)
  eden space 4608K, 100% used [0x00000000eab00000,0x00000000eaf80000,0x00000000eaf80000)
  from space 1024K, 66% used [0x00000000eb080000,0x00000000eb12b350,0x00000000eb180000)
  to   space 1024K, 0% used [0x00000000eaf80000,0x00000000eaf80000,0x00000000eb080000)
 ParOldGen       total 148992K, used 143009K [0x00000000c0000000, 0x00000000c9180000, 0x00000000eab00000)
  object space 148992K, 95% used [0x00000000c0000000,0x00000000c8ba8660,0x00000000c9180000)
 Metaspace       used 80387K, committed 81280K, reserved 1130496K
  class space    used 7471K, committed 7872K, reserved 1048576K
}
Event: 12065.025 GC heap after
{Heap after GC invocations=41189 (full 1655):
 PSYoungGen      total 5632K, used 1004K [0x00000000eab00000, 0x00000000eb380000, 0x0000000100000000)
  eden space 4608K, 0% used [0x00000000eab00000,0x00000000eab00000,0x00000000eaf80000)
  from space 1024K, 98% used [0x00000000eaf80000,0x00000000eb07b350,0x00000000eb080000)
  to   space 2048K, 0% used [0x00000000eb180000,0x00000000eb180000,0x00000000eb380000)
 ParOldGen       total 148992K, used 143614K [0x00000000c0000000, 0x00000000c9180000, 0x00000000eab00000)
  object space 148992K, 96% used [0x00000000c0000000,0x00000000c8c3f8d0,0x00000000c9180000)
 Metaspace       used 80387K, committed 81280K, reserved 1130496K
  class space    used 7471K, committed 7872K, reserved 1048576K
}
Event: 12065.030 GC heap before
{Heap before GC invocations=41190 (full 1655):
 PSYoungGen      total 5632K, used 5612K [0x00000000eab00000, 0x00000000eb380000, 0x0000000100000000)
  eden space 4608K, 100% used [0x00000000eab00000,0x00000000eaf80000,0x00000000eaf80000)
  from space 1024K, 98% used [0x00000000eaf80000,0x00000000eb07b350,0x00000000eb080000)
  to   space 2048K, 0% used [0x00000000eb180000,0x00000000eb180000,0x00000000eb380000)
 ParOldGen       total 148992K, used 143614K [0x00000000c0000000, 0x00000000c9180000, 0x00000000eab00000)
  object space 148992K, 96% used [0x00000000c0000000,0x00000000c8c3f8d0,0x00000000c9180000)
 Metaspace       used 80387K, committed 81280K, reserved 1130496K
  class space    used 7471K, committed 7872K, reserved 1048576K
}
Event: 12065.031 GC heap after
{Heap after GC invocations=41190 (full 1655):
 PSYoungGen      total 6656K, used 1716K [0x00000000eab00000, 0x00000000eb380000, 0x0000000100000000)
  eden space 4608K, 0% used [0x00000000eab00000,0x00000000eab00000,0x00000000eaf80000)
  from space 2048K, 83% used [0x00000000eb180000,0x00000000eb32d140,0x00000000eb380000)
  to   space 2048K, 0% used [0x00000000eaf80000,0x00000000eaf80000,0x00000000eb180000)
 ParOldGen       total 148992K, used 144725K [0x00000000c0000000, 0x00000000c9180000, 0x00000000eab00000)
  object space 148992K, 97% used [0x00000000c0000000,0x00000000c8d55518,0x00000000c9180000)
 Metaspace       used 80387K, committed 81280K, reserved 1130496K
  class space    used 7471K, committed 7872K, reserved 1048576K
}
Event: 12065.037 GC heap before
{Heap before GC invocations=41191 (full 1655):
 PSYoungGen      total 6656K, used 6324K [0x00000000eab00000, 0x00000000eb380000, 0x0000000100000000)
  eden space 4608K, 100% used [0x00000000eab00000,0x00000000eaf80000,0x00000000eaf80000)
  from space 2048K, 83% used [0x00000000eb180000,0x00000000eb32d140,0x00000000eb380000)
  to   space 2048K, 0% used [0x00000000eaf80000,0x00000000eaf80000,0x00000000eb180000)
 ParOldGen       total 148992K, used 144725K [0x00000000c0000000, 0x00000000c9180000, 0x00000000eab00000)
  object space 148992K, 97% used [0x00000000c0000000,0x00000000c8d55518,0x00000000c9180000)
 Metaspace       used 80387K, committed 81280K, reserved 1130496K
  class space    used 7471K, committed 7872K, reserved 1048576K
}

